<?xml version="1.0" encoding="UTF-8"?>
<testng-results ignored="0" total="1" passed="1" failed="0" skipped="0">
  <reporter-output>
  </reporter-output>
  <suite started-at="2023-12-13T07:49:54 CST" name="Default suite" finished-at="2023-12-13T07:49:54 CST" duration-ms="74">
    <groups>
    </groups>
    <test started-at="2023-12-13T07:49:54 CST" name="Default test" finished-at="2023-12-13T07:49:54 CST" duration-ms="74">
      <class name="Properties.PropertiesClass">
        <test-method signature="Data()[pri:0, instance:Properties.PropertiesClass@43195e57]" started-at="2023-12-13T07:49:54 CST" name="Data" finished-at="2023-12-13T07:49:54 CST" duration-ms="41" status="PASS">
          <reporter-output>
          </reporter-output>
        </test-method> <!-- Data -->
      </class> <!-- Properties.PropertiesClass -->
    </test> <!-- Default test -->
  </suite> <!-- Default suite -->
</testng-results>
